I, [2017-10-09T12:09:44.626714 #11923]  INFO -- : Refreshing Gem list
I, [2017-10-09T12:09:46.920033 #11923]  INFO -- : listening on addr=/home/ubuntu/askkaro/shared/sockets/unicorn.sock fd=11
I, [2017-10-09T12:09:46.920146 #11923]  INFO -- : worker=0 spawning...
I, [2017-10-09T12:09:46.921500 #11923]  INFO -- : worker=1 spawning...
I, [2017-10-09T12:09:46.922162 #11926]  INFO -- : worker=0 spawned pid=11926
I, [2017-10-09T12:09:46.922298 #11926]  INFO -- : worker=0 ready
I, [2017-10-09T12:09:46.923246 #11923]  INFO -- : master process ready
I, [2017-10-09T12:09:46.928347 #11929]  INFO -- : worker=1 spawned pid=11929
I, [2017-10-09T12:09:46.928481 #11929]  INFO -- : worker=1 ready
I, [2017-10-09T15:46:39.697301 #13616]  INFO -- : executing ["/home/ubuntu/.rbenv/versions/2.4.1/bin/unicorn", "-c", "config/unicorn.rb", "-E", "production", "-D", {11=>#<Kgio::UNIXServer:/home/ubuntu/askkaro/shared/sockets/unicorn.sock>}] (in /home/ubuntu/askkaro)
I, [2017-10-09T15:46:39.697418 #13616]  INFO -- : forked child re-executing...
I, [2017-10-09T15:46:39.883584 #13616]  INFO -- : inherited addr=/home/ubuntu/askkaro/shared/sockets/unicorn.sock fd=11
I, [2017-10-09T15:46:39.884945 #13616]  INFO -- : Refreshing Gem list
I, [2017-10-09T15:46:42.167973 #13616]  INFO -- : worker=0 spawning...
I, [2017-10-09T15:46:42.169143 #13616]  INFO -- : worker=1 spawning...
I, [2017-10-09T15:46:42.169901 #13616]  INFO -- : master process ready
I, [2017-10-09T15:46:42.170616 #13620]  INFO -- : worker=0 spawned pid=13620
I, [2017-10-09T15:46:42.170731 #13620]  INFO -- : worker=0 ready
I, [2017-10-09T15:46:42.171331 #13622]  INFO -- : worker=1 spawned pid=13622
I, [2017-10-09T15:46:42.171447 #13622]  INFO -- : worker=1 ready
E, [2017-10-09T15:59:19.262569 #13616] ERROR -- : old PID:11923 running with existing pid=/home/ubuntu/askkaro/shared/pids/unicorn.pid.oldbin, refusing rexec
E, [2017-10-09T16:01:27.477817 #13616] ERROR -- : old PID:11923 running with existing pid=/home/ubuntu/askkaro/shared/pids/unicorn.pid.oldbin, refusing rexec
E, [2017-10-09T16:07:48.552329 #13616] ERROR -- : old PID:11923 running with existing pid=/home/ubuntu/askkaro/shared/pids/unicorn.pid.oldbin, refusing rexec
E, [2017-10-09T18:08:38.024231 #13616] ERROR -- : old PID:11923 running with existing pid=/home/ubuntu/askkaro/shared/pids/unicorn.pid.oldbin, refusing rexec
E, [2017-10-09T18:26:39.984525 #13616] ERROR -- : old PID:11923 running with existing pid=/home/ubuntu/askkaro/shared/pids/unicorn.pid.oldbin, refusing rexec
E, [2017-10-09T18:43:20.114203 #13616] ERROR -- : old PID:11923 running with existing pid=/home/ubuntu/askkaro/shared/pids/unicorn.pid.oldbin, refusing rexec
E, [2017-10-09T19:15:24.946208 #13616] ERROR -- : old PID:11923 running with existing pid=/home/ubuntu/askkaro/shared/pids/unicorn.pid.oldbin, refusing rexec
E, [2017-10-10T02:24:17.814444 #13616] ERROR -- : old PID:11923 running with existing pid=/home/ubuntu/askkaro/shared/pids/unicorn.pid.oldbin, refusing rexec
E, [2017-10-10T02:34:13.374075 #13616] ERROR -- : old PID:11923 running with existing pid=/home/ubuntu/askkaro/shared/pids/unicorn.pid.oldbin, refusing rexec
E, [2017-10-10T02:48:49.520410 #13616] ERROR -- : old PID:11923 running with existing pid=/home/ubuntu/askkaro/shared/pids/unicorn.pid.oldbin, refusing rexec
E, [2017-10-10T03:02:31.639155 #13616] ERROR -- : old PID:11923 running with existing pid=/home/ubuntu/askkaro/shared/pids/unicorn.pid.oldbin, refusing rexec
E, [2017-10-10T17:38:28.157517 #13616] ERROR -- : old PID:11923 running with existing pid=/home/ubuntu/askkaro/shared/pids/unicorn.pid.oldbin, refusing rexec
E, [2017-10-10T17:54:13.866071 #13616] ERROR -- : old PID:11923 running with existing pid=/home/ubuntu/askkaro/shared/pids/unicorn.pid.oldbin, refusing rexec
E, [2017-10-10T18:17:58.462855 #13616] ERROR -- : old PID:11923 running with existing pid=/home/ubuntu/askkaro/shared/pids/unicorn.pid.oldbin, refusing rexec
E, [2017-10-10T18:23:27.487100 #13616] ERROR -- : old PID:11923 running with existing pid=/home/ubuntu/askkaro/shared/pids/unicorn.pid.oldbin, refusing rexec
E, [2017-10-10T20:05:59.501184 #13616] ERROR -- : old PID:11923 running with existing pid=/home/ubuntu/askkaro/shared/pids/unicorn.pid.oldbin, refusing rexec
E, [2017-10-10T20:11:27.236546 #13616] ERROR -- : old PID:11923 running with existing pid=/home/ubuntu/askkaro/shared/pids/unicorn.pid.oldbin, refusing rexec
E, [2017-10-11T18:34:14.213077 #13616] ERROR -- : old PID:11923 running with existing pid=/home/ubuntu/askkaro/shared/pids/unicorn.pid.oldbin, refusing rexec
E, [2017-10-11T18:44:34.750749 #13616] ERROR -- : old PID:11923 running with existing pid=/home/ubuntu/askkaro/shared/pids/unicorn.pid.oldbin, refusing rexec
E, [2017-10-11T18:48:40.772210 #13616] ERROR -- : old PID:11923 running with existing pid=/home/ubuntu/askkaro/shared/pids/unicorn.pid.oldbin, refusing rexec
E, [2017-10-11T18:58:16.269062 #13616] ERROR -- : old PID:11923 running with existing pid=/home/ubuntu/askkaro/shared/pids/unicorn.pid.oldbin, refusing rexec
E, [2017-10-11T19:16:47.869073 #13616] ERROR -- : worker=1 PID:13622 timeout (31s > 30s), killing
E, [2017-10-11T19:16:49.050778 #13616] ERROR -- : reaped #<Process::Status: pid 13622 SIGKILL (signal 9)> worker=1
I, [2017-10-11T19:16:49.085244 #13616]  INFO -- : worker=1 spawning...
I, [2017-10-11T19:16:49.179038 #29748]  INFO -- : worker=1 spawned pid=29748
I, [2017-10-11T19:16:49.179213 #29748]  INFO -- : worker=1 ready
E, [2017-10-11T19:16:56.244483 #13616] ERROR -- : old PID:11923 running with existing pid=/home/ubuntu/askkaro/shared/pids/unicorn.pid.oldbin, refusing rexec
E, [2017-10-11T19:22:45.525714 #13616] ERROR -- : old PID:11923 running with existing pid=/home/ubuntu/askkaro/shared/pids/unicorn.pid.oldbin, refusing rexec
E, [2017-10-11T19:24:00.343138 #13616] ERROR -- : old PID:11923 running with existing pid=/home/ubuntu/askkaro/shared/pids/unicorn.pid.oldbin, refusing rexec
E, [2017-10-11T19:24:53.494330 #13616] ERROR -- : old PID:11923 running with existing pid=/home/ubuntu/askkaro/shared/pids/unicorn.pid.oldbin, refusing rexec
E, [2017-10-11T19:25:25.068665 #13616] ERROR -- : old PID:11923 running with existing pid=/home/ubuntu/askkaro/shared/pids/unicorn.pid.oldbin, refusing rexec
E, [2017-10-11T19:26:24.830384 #13616] ERROR -- : old PID:11923 running with existing pid=/home/ubuntu/askkaro/shared/pids/unicorn.pid.oldbin, refusing rexec
E, [2017-10-11T19:28:05.274555 #13616] ERROR -- : old PID:11923 running with existing pid=/home/ubuntu/askkaro/shared/pids/unicorn.pid.oldbin, refusing rexec
E, [2017-10-11T19:28:39.308321 #13616] ERROR -- : old PID:11923 running with existing pid=/home/ubuntu/askkaro/shared/pids/unicorn.pid.oldbin, refusing rexec
E, [2017-10-11T19:30:27.349779 #13616] ERROR -- : old PID:11923 running with existing pid=/home/ubuntu/askkaro/shared/pids/unicorn.pid.oldbin, refusing rexec
I, [2017-10-11T19:42:33.110459 #13616]  INFO -- : reaped #<Process::Status: pid 13620 exit 0> worker=0
I, [2017-10-11T19:42:33.111063 #13616]  INFO -- : reaped #<Process::Status: pid 29748 exit 0> worker=1
I, [2017-10-11T19:42:33.111140 #13616]  INFO -- : master complete
E, [2017-10-11T19:42:33.134997 #11923] ERROR -- : reaped #<Process::Status: pid 13616 exit 0> exec()-ed
I, [2017-10-11T19:43:19.459634 #11923]  INFO -- : reaped #<Process::Status: pid 11926 exit 0> worker=0
I, [2017-10-11T19:43:19.459718 #11923]  INFO -- : reaped #<Process::Status: pid 11929 exit 0> worker=1
I, [2017-10-11T19:43:19.459764 #11923]  INFO -- : master complete
I, [2017-10-11T19:43:35.525773 #30663]  INFO -- : Refreshing Gem list
I, [2017-10-11T19:43:37.855342 #30663]  INFO -- : unlinking existing socket=/home/ubuntu/askkaro/shared/sockets/unicorn.sock
I, [2017-10-11T19:43:37.856183 #30663]  INFO -- : listening on addr=/home/ubuntu/askkaro/shared/sockets/unicorn.sock fd=11
I, [2017-10-11T19:43:37.856270 #30663]  INFO -- : worker=0 spawning...
I, [2017-10-11T19:43:37.857711 #30663]  INFO -- : worker=1 spawning...
I, [2017-10-11T19:43:37.858363 #30666]  INFO -- : worker=0 spawned pid=30666
I, [2017-10-11T19:43:37.858517 #30666]  INFO -- : worker=0 ready
I, [2017-10-11T19:43:37.859461 #30663]  INFO -- : master process ready
I, [2017-10-11T19:43:37.863578 #30669]  INFO -- : worker=1 spawned pid=30669
I, [2017-10-11T19:43:37.863706 #30669]  INFO -- : worker=1 ready
I, [2017-10-11T19:46:56.009417 #30724]  INFO -- : executing ["/home/ubuntu/.rbenv/versions/2.4.1/bin/unicorn", "-c", "config/unicorn.rb", "-E", "production", "-D", {11=>#<Kgio::UNIXServer:/home/ubuntu/askkaro/shared/sockets/unicorn.sock>}] (in /home/ubuntu/askkaro)
I, [2017-10-11T19:46:56.009570 #30724]  INFO -- : forked child re-executing...
I, [2017-10-11T19:46:56.191933 #30724]  INFO -- : inherited addr=/home/ubuntu/askkaro/shared/sockets/unicorn.sock fd=11
I, [2017-10-11T19:46:56.192124 #30724]  INFO -- : Refreshing Gem list
I, [2017-10-11T19:46:58.450894 #30724]  INFO -- : worker=0 spawning...
I, [2017-10-11T19:46:58.452222 #30724]  INFO -- : worker=1 spawning...
I, [2017-10-11T19:46:58.452964 #30728]  INFO -- : worker=0 spawned pid=30728
I, [2017-10-11T19:46:58.453107 #30728]  INFO -- : worker=0 ready
I, [2017-10-11T19:46:58.454147 #30724]  INFO -- : master process ready
I, [2017-10-11T19:46:58.454813 #30731]  INFO -- : worker=1 spawned pid=30731
I, [2017-10-11T19:46:58.454932 #30731]  INFO -- : worker=1 ready
